beamirrad_january: 
     r.series --quiet input= output=beamirrad_january method=median --overwrite
beamirrad_february: 
     r.series --quiet input= output=beamirrad_january method=median --overwrite
beamirrad_march: 
     r.series --quiet input= output=beamirrad_january method=median --overwrite
beamirrad_april: 
     r.series --quiet input= output=beamirrad_january method=median --overwrite
beamirrad_may: 
     r.series --quiet input= output=beamirrad_january method=median --overwrite
beamirrad_june: 
     r.series --quiet input= output=beamirrad_january method=median --overwrite
beamirrad_july: 
     r.series --quiet input= output=beamirrad_january method=median --overwrite
beamirrad_august: 
     r.series --quiet input= output=beamirrad_january method=median --overwrite
beamirrad_semptember: 
     r.series --quiet input= output=beamirrad_january method=median --overwrite
beamirrad_october: 
     r.series --quiet input= output=beamirrad_january method=median --overwrite
beamirrad_november: 
     r.series --quiet input= output=beamirrad_january method=median --overwrite
beamirrad_december: 
     r.series --quiet input= output=beamirrad_january method=median --overwrite
